<?xml version="1.0" encoding="UTF-8"?>
<coverage generated="1721873193003" clover="3.2.0">
  <project timestamp="1721873193003" name="All files">
    <metrics statements="19" coveredstatements="18" conditionals="6" coveredconditionals="5" methods="4" coveredmethods="4" elements="29" coveredelements="27" complexity="0" loc="19" ncloc="19" packages="1" files="3" classes="3"/>
    <file name="command.js" path="C:\Users\mrsli\Documents\LaunchCode\Mars-Rover-Starter\command.js">
      <metrics statements="5" coveredstatements="5" conditionals="2" coveredconditionals="2" methods="1" coveredmethods="1"/>
      <line num="3" count="7" type="stmt"/>
      <line num="4" count="7" type="cond" truecount="2" falsecount="0"/>
      <line num="5" count="1" type="stmt"/>
      <line num="7" count="6" type="stmt"/>
      <line num="12" count="3" type="stmt"/>
    </file>
    <file name="message.js" path="C:\Users\mrsli\Documents\LaunchCode\Mars-Rover-Starter\message.js">
      <metrics statements="5" coveredstatements="5" conditionals="2" coveredconditionals="2" methods="1" coveredmethods="1"/>
      <line num="3" count="5" type="stmt"/>
      <line num="4" count="5" type="cond" truecount="2" falsecount="0"/>
      <line num="5" count="1" type="stmt"/>
      <line num="7" count="4" type="stmt"/>
      <line num="11" count="3" type="stmt"/>
    </file>
    <file name="rover.js" path="C:\Users\mrsli\Documents\LaunchCode\Mars-Rover-Starter\rover.js">
      <metrics statements="9" coveredstatements="8" conditionals="2" coveredconditionals="1" methods="2" coveredmethods="2"/>
      <line num="3" count="3" type="stmt"/>
      <line num="4" count="3" type="cond" truecount="1" falsecount="1"/>
      <line num="5" count="0" type="stmt"/>
      <line num="7" count="3" type="stmt"/>
      <line num="8" count="3" type="stmt"/>
      <line num="11" count="2" type="stmt"/>
      <line num="12" count="2" type="stmt"/>
      <line num="14" count="2" type="stmt"/>
      <line num="28" count="1" type="stmt"/>
    </file>
  </project>
</coverage>
