<?xml version="1.0" encoding="UTF-8"?>
<coverage generated="1721092943887" clover="3.2.0">
  <project timestamp="1721092943888" name="All files">
    <metrics statements="5" coveredstatements="5" conditionals="2" coveredconditionals="2" methods="1" coveredmethods="1" elements="8" coveredelements="8" complexity="0" loc="5" ncloc="5" packages="1" files="2" classes="2"/>
    <file name="command.js" path="C:\Users\mrsli\Documents\LaunchCode\Mars-Rover-Starter\command.js">
      <metrics statements="5" coveredstatements="5" conditionals="2" coveredconditionals="2" methods="1" coveredmethods="1"/>
      <line num="3" count="3" type="stmt"/>
      <line num="4" count="3" type="cond" truecount="2" falsecount="0"/>
      <line num="5" count="1" type="stmt"/>
      <line num="7" count="2" type="stmt"/>
      <line num="12" count="1" type="stmt"/>
    </file>
    <file name="message.js" path="C:\Users\mrsli\Documents\LaunchCode\Mars-Rover-Starter\message.js">
      <metrics statements="0" coveredstatements="0" conditionals="0" coveredconditionals="0" methods="0" coveredmethods="0"/>
    </file>
  </project>
</coverage>
