{"C:\\Users\\mrsli\\Documents\\LaunchCode\\Mars-Rover-Starter\\command.js": {"path":"C:\\Users\\mrsli\\Documents\\LaunchCode\\Mars-Rover-Starter\\command.js","statementMap":{"0":{"start":{"line":3,"column":5},"end":{"line":3,"column":36}},"1":{"start":{"line":4,"column":5},"end":{"line":6,"column":6}},"2":{"start":{"line":5,"column":7},"end":{"line":5,"column":45}},"3":{"start":{"line":7,"column":5},"end":{"line":7,"column":24}},"4":{"start":{"line":12,"column":1},"end":{"line":12,"column":26}}},"fnMap":{"0":{"name":"(anonymous_0)","decl":{"start":{"line":2,"column":3},"end":{"line":2,"column":4}},"loc":{"start":{"line":2,"column":35},"end":{"line":8,"column":4}},"line":2}},"branchMap":{"0":{"loc":{"start":{"line":4,"column":5},"end":{"line":6,"column":6}},"type":"if","locations":[{"start":{"line":4,"column":5},"end":{"line":6,"column":6}},{"start":{},"end":{}}],"line":4}},"s":{"0":7,"1":7,"2":1,"3":6,"4":3},"f":{"0":7},"b":{"0":[1,6]},"_coverageSchema":"1a1c01bbd47fc00a2c39e90264f33305004495a9","hash":"ae571759426c8cd08a823bd09092a180f41147f1"}
,"C:\\Users\\mrsli\\Documents\\LaunchCode\\Mars-Rover-Starter\\message.js": {"path":"C:\\Users\\mrsli\\Documents\\LaunchCode\\Mars-Rover-Starter\\message.js","statementMap":{"0":{"start":{"line":3,"column":8},"end":{"line":3,"column":25}},"1":{"start":{"line":4,"column":8},"end":{"line":6,"column":9}},"2":{"start":{"line":5,"column":10},"end":{"line":5,"column":40}},"3":{"start":{"line":7,"column":8},"end":{"line":7,"column":33}},"4":{"start":{"line":11,"column":4},"end":{"line":11,"column":29}}},"fnMap":{"0":{"name":"(anonymous_0)","decl":{"start":{"line":2,"column":4},"end":{"line":2,"column":5}},"loc":{"start":{"line":2,"column":32},"end":{"line":8,"column":7}},"line":2}},"branchMap":{"0":{"loc":{"start":{"line":4,"column":8},"end":{"line":6,"column":9}},"type":"if","locations":[{"start":{"line":4,"column":8},"end":{"line":6,"column":9}},{"start":{},"end":{}}],"line":4}},"s":{"0":5,"1":5,"2":1,"3":4,"4":3},"f":{"0":5},"b":{"0":[1,4]},"_coverageSchema":"1a1c01bbd47fc00a2c39e90264f33305004495a9","hash":"b43a002c2494e2c8b7f88c307406c7af7fa59008"}
,"C:\\Users\\mrsli\\Documents\\LaunchCode\\Mars-Rover-Starter\\rover.js": {"path":"C:\\Users\\mrsli\\Documents\\LaunchCode\\Mars-Rover-Starter\\rover.js","statementMap":{"0":{"start":{"line":3,"column":6},"end":{"line":3,"column":31}},"1":{"start":{"line":4,"column":6},"end":{"line":6,"column":7}},"2":{"start":{"line":5,"column":9},"end":{"line":5,"column":42}},"3":{"start":{"line":7,"column":6},"end":{"line":7,"column":27}},"4":{"start":{"line":8,"column":6},"end":{"line":8,"column":32}},"5":{"start":{"line":11,"column":21},"end":{"line":11,"column":33}},"6":{"start":{"line":12,"column":20},"end":{"line":12,"column":36}},"7":{"start":{"line":14,"column":6},"end":{"line":14,"column":54}},"8":{"start":{"line":28,"column":0},"end":{"line":28,"column":23}}},"fnMap":{"0":{"name":"(anonymous_0)","decl":{"start":{"line":2,"column":3},"end":{"line":2,"column":4}},"loc":{"start":{"line":2,"column":25},"end":{"line":9,"column":4}},"line":2},"1":{"name":"(anonymous_1)","decl":{"start":{"line":10,"column":3},"end":{"line":10,"column":4}},"loc":{"start":{"line":10,"column":27},"end":{"line":17,"column":4}},"line":10}},"branchMap":{"0":{"loc":{"start":{"line":4,"column":6},"end":{"line":6,"column":7}},"type":"if","locations":[{"start":{"line":4,"column":6},"end":{"line":6,"column":7}},{"start":{},"end":{}}],"line":4}},"s":{"0":3,"1":3,"2":0,"3":3,"4":3,"5":2,"6":2,"7":2,"8":1},"f":{"0":3,"1":2},"b":{"0":[0,3]},"_coverageSchema":"1a1c01bbd47fc00a2c39e90264f33305004495a9","hash":"cd6977d56b7f8298820fca3da324e82cb3458ea8"}
}
