{"C:\\Users\\mrsli\\Documents\\LaunchCode\\Mars-Rover-Starter\\command.js": {"path":"C:\\Users\\mrsli\\Documents\\LaunchCode\\Mars-Rover-Starter\\command.js","statementMap":{"0":{"start":{"line":3,"column":5},"end":{"line":3,"column":36}},"1":{"start":{"line":4,"column":5},"end":{"line":6,"column":6}},"2":{"start":{"line":5,"column":7},"end":{"line":5,"column":45}},"3":{"start":{"line":7,"column":5},"end":{"line":7,"column":24}},"4":{"start":{"line":12,"column":1},"end":{"line":12,"column":26}}},"fnMap":{"0":{"name":"(anonymous_0)","decl":{"start":{"line":2,"column":3},"end":{"line":2,"column":4}},"loc":{"start":{"line":2,"column":35},"end":{"line":8,"column":4}},"line":2}},"branchMap":{"0":{"loc":{"start":{"line":4,"column":5},"end":{"line":6,"column":6}},"type":"if","locations":[{"start":{"line":4,"column":5},"end":{"line":6,"column":6}},{"start":{},"end":{}}],"line":4}},"s":{"0":3,"1":3,"2":1,"3":2,"4":1},"f":{"0":3},"b":{"0":[1,2]},"_coverageSchema":"1a1c01bbd47fc00a2c39e90264f33305004495a9","hash":"ae571759426c8cd08a823bd09092a180f41147f1"}
,"C:\\Users\\mrsli\\Documents\\LaunchCode\\Mars-Rover-Starter\\message.js": {"path":"C:\\Users\\mrsli\\Documents\\LaunchCode\\Mars-Rover-Starter\\message.js","statementMap":{},"fnMap":{},"branchMap":{},"s":{},"f":{},"b":{},"_coverageSchema":"1a1c01bbd47fc00a2c39e90264f33305004495a9","hash":"ec0b65f8ea10f4c2ef67ae956a7cdc82c8930a3d"}
}
