TN:
SF:command.js
FN:2,(anonymous_0)
FNF:1
FNH:1
FNDA:9,(anonymous_0)
DA:3,9
DA:4,9
DA:5,1
DA:7,8
DA:12,3
LF:5
LH:5
BRDA:4,0,0,1
BRDA:4,0,1,8
BRF:2
BRH:2
end_of_record
TN:
SF:message.js
FN:2,(anonymous_0)
FNF:1
FNH:1
FNDA:6,(anonymous_0)
DA:3,6
DA:4,6
DA:5,1
DA:7,5
DA:11,3
LF:5
LH:5
BRDA:4,0,0,1
BRDA:4,0,1,5
BRF:2
BRH:2
end_of_record
TN:
SF:rover.js
FN:2,(anonymous_0)
FN:10,(anonymous_1)
FNF:2
FNH:2
FNDA:4,(anonymous_0)
FNDA:3,(anonymous_1)
DA:3,4
DA:4,4
DA:5,0
DA:7,4
DA:8,4
DA:11,3
DA:12,3
DA:14,3
DA:28,1
LF:9
LH:8
BRDA:4,0,0,0
BRDA:4,0,1,4
BRF:2
BRH:1
end_of_record
